<?xml version="1.0" encoding="UTF-8"?>
<testng-results ignored="0" total="10" passed="6" failed="4" skipped="0">
  <reporter-output>
  </reporter-output>
  <suite started-at="2022-09-29T12:43:22 IST" name="Suite" finished-at="2022-09-29T12:46:03 IST" duration-ms="160836">
    <groups>
    </groups>
    <test started-at="2022-09-29T12:43:22 IST" name="ChromeTest" finished-at="2022-09-29T12:44:37 IST" duration-ms="75014">
      <class name="pack.VerifyRoomPage">
        <test-method is-config="true" signature="openBrowser(java.lang.String)[pri:0, instance:pack.VerifyRoomPage@29215f06]" started-at="2022-09-29T12:43:24 IST" name="openBrowser" finished-at="2022-09-29T12:43:25 IST" duration-ms="939" status="PASS">
          <params>
            <param index="0">
              <value>
                <![CDATA[Chrome]]>
              </value>
            </param>
          </params>
          <reporter-output>
          </reporter-output>
        </test-method> <!-- openBrowser -->
        <test-method is-config="true" signature="createPMObjects()[pri:0, instance:pack.VerifyRoomPage@29215f06]" started-at="2022-09-29T12:43:26 IST" name="createPMObjects" finished-at="2022-09-29T12:43:26 IST" duration-ms="76" status="PASS">
          <reporter-output>
          </reporter-output>
        </test-method> <!-- createPMObjects -->
        <test-method is-config="true" signature="openRoomsPage()[pri:0, instance:pack.VerifyRoomPage@29215f06]" started-at="2022-09-29T12:43:26 IST" name="openRoomsPage" finished-at="2022-09-29T12:43:33 IST" duration-ms="7233" status="PASS">
          <reporter-output>
          </reporter-output>
        </test-method> <!-- openRoomsPage -->
        <test-method signature="verifyContactToHelpCentreButton()[pri:1, instance:pack.VerifyRoomPage@29215f06]" started-at="2022-09-29T12:43:33 IST" name="verifyContactToHelpCentreButton" finished-at="2022-09-29T12:43:35 IST" duration-ms="1702" status="FAIL">
          <exception class="java.lang.AssertionError">
            <message>
              <![CDATA[The following asserts failed:
expected [https://www.messenger.com/hel] but found [https://www.messenger.com/help],
expected [Messenger Hlep Centre] but found [Messenger Help Centre]]]>
            </message>
            <full-stacktrace>
              <![CDATA[java.lang.AssertionError: The following asserts failed:
expected [https://www.messenger.com/hel] but found [https://www.messenger.com/help],
expected [Messenger Hlep Centre] but found [Messenger Help Centre]
at org.testng.asserts.SoftAssert.assertAll(SoftAssert.java:47)
at org.testng.asserts.SoftAssert.assertAll(SoftAssert.java:31)
at pack.VerifyRoomPage.verifyContactToHelpCentreButton(VerifyRoomPage.java:84)
at java.base/jdk.internal.reflect.NativeMethodAccessorImpl.invoke0(Native Method)
at java.base/jdk.internal.reflect.NativeMethodAccessorImpl.invoke(NativeMethodAccessorImpl.java:78)
at java.base/jdk.internal.reflect.DelegatingMethodAccessorImpl.invoke(DelegatingMethodAccessorImpl.java:43)
at java.base/java.lang.reflect.Method.invoke(Method.java:567)
at org.testng.internal.MethodInvocationHelper.invokeMethod(MethodInvocationHelper.java:133)
at org.testng.internal.TestInvoker.invokeMethod(TestInvoker.java:598)
at org.testng.internal.TestInvoker.invokeTestMethod(TestInvoker.java:173)
at org.testng.internal.MethodRunner.runInSequence(MethodRunner.java:46)
at org.testng.internal.TestInvoker$MethodInvocationAgent.invoke(TestInvoker.java:824)
at org.testng.internal.TestInvoker.invokeTestMethods(TestInvoker.java:146)
at org.testng.internal.TestMethodWorker.invokeTestMethods(TestMethodWorker.java:146)
at org.testng.internal.TestMethodWorker.run(TestMethodWorker.java:128)
at java.base/java.util.ArrayList.forEach(ArrayList.java:1511)
at org.testng.TestRunner.privateRun(TestRunner.java:794)
at org.testng.TestRunner.run(TestRunner.java:596)
at org.testng.SuiteRunner.runTest(SuiteRunner.java:377)
at org.testng.SuiteRunner.runSequentially(SuiteRunner.java:371)
at org.testng.SuiteRunner.privateRun(SuiteRunner.java:332)
at org.testng.SuiteRunner.run(SuiteRunner.java:276)
at org.testng.SuiteRunnerWorker.runSuite(SuiteRunnerWorker.java:53)
at org.testng.SuiteRunnerWorker.run(SuiteRunnerWorker.java:96)
at org.testng.TestNG.runSuitesSequentially(TestNG.java:1212)
at org.testng.TestNG.runSuitesLocally(TestNG.java:1134)
at org.testng.TestNG.runSuites(TestNG.java:1063)
at org.testng.TestNG.run(TestNG.java:1031)
at org.testng.remote.AbstractRemoteTestNG.run(AbstractRemoteTestNG.java:115)
at org.testng.remote.RemoteTestNG.initAndRun(RemoteTestNG.java:251)
at org.testng.remote.RemoteTestNG.main(RemoteTestNG.java:77)
]]>
            </full-stacktrace>
          </exception> <!-- java.lang.AssertionError -->
          <reporter-output>
          </reporter-output>
        </test-method> <!-- verifyContactToHelpCentreButton -->
        <test-method is-config="true" signature="logoutFromApplication(org.testng.ITestResult)[pri:0, instance:pack.VerifyRoomPage@29215f06]" started-at="2022-09-29T12:43:35 IST" name="logoutFromApplication" finished-at="2022-09-29T12:43:35 IST" duration-ms="411" status="PASS">
          <params>
            <param index="0">
              <value>
                <![CDATA[[TestResult name=verifyContactToHelpCentreButton status=FAILURE method=VerifyRoomPage.verifyContactToHelpCentreButton()[pri:1, instance:pack.VerifyRoomPage@29215f06] output={null}]]]>
              </value>
            </param>
          </params>
          <reporter-output>
          </reporter-output>
        </test-method> <!-- logoutFromApplication -->
        <test-method is-config="true" signature="openRoomsPage()[pri:0, instance:pack.VerifyRoomPage@29215f06]" started-at="2022-09-29T12:43:35 IST" name="openRoomsPage" finished-at="2022-09-29T12:43:45 IST" duration-ms="9808" status="PASS">
          <reporter-output>
          </reporter-output>
        </test-method> <!-- openRoomsPage -->
        <test-method signature="verifyGoBackToMassengerButton()[pri:2, instance:pack.VerifyRoomPage@29215f06]" started-at="2022-09-29T12:43:45 IST" name="verifyGoBackToMassengerButton" finished-at="2022-09-29T12:43:51 IST" duration-ms="6220" status="FAIL">
          <exception class="java.lang.AssertionError">
            <message>
              <![CDATA[The following asserts failed:
expected [Messenge] but found [Messenger]]]>
            </message>
            <full-stacktrace>
              <![CDATA[java.lang.AssertionError: The following asserts failed:
expected [Messenge] but found [Messenger]
at org.testng.asserts.SoftAssert.assertAll(SoftAssert.java:47)
at org.testng.asserts.SoftAssert.assertAll(SoftAssert.java:31)
at pack.VerifyRoomPage.verifyGoBackToMassengerButton(VerifyRoomPage.java:98)
at java.base/jdk.internal.reflect.NativeMethodAccessorImpl.invoke0(Native Method)
at java.base/jdk.internal.reflect.NativeMethodAccessorImpl.invoke(NativeMethodAccessorImpl.java:78)
at java.base/jdk.internal.reflect.DelegatingMethodAccessorImpl.invoke(DelegatingMethodAccessorImpl.java:43)
at java.base/java.lang.reflect.Method.invoke(Method.java:567)
at org.testng.internal.MethodInvocationHelper.invokeMethod(MethodInvocationHelper.java:133)
at org.testng.internal.TestInvoker.invokeMethod(TestInvoker.java:598)
at org.testng.internal.TestInvoker.invokeTestMethod(TestInvoker.java:173)
at org.testng.internal.MethodRunner.runInSequence(MethodRunner.java:46)
at org.testng.internal.TestInvoker$MethodInvocationAgent.invoke(TestInvoker.java:824)
at org.testng.internal.TestInvoker.invokeTestMethods(TestInvoker.java:146)
at org.testng.internal.TestMethodWorker.invokeTestMethods(TestMethodWorker.java:146)
at org.testng.internal.TestMethodWorker.run(TestMethodWorker.java:128)
at java.base/java.util.ArrayList.forEach(ArrayList.java:1511)
at org.testng.TestRunner.privateRun(TestRunner.java:794)
at org.testng.TestRunner.run(TestRunner.java:596)
at org.testng.SuiteRunner.runTest(SuiteRunner.java:377)
at org.testng.SuiteRunner.runSequentially(SuiteRunner.java:371)
at org.testng.SuiteRunner.privateRun(SuiteRunner.java:332)
at org.testng.SuiteRunner.run(SuiteRunner.java:276)
at org.testng.SuiteRunnerWorker.runSuite(SuiteRunnerWorker.java:53)
at org.testng.SuiteRunnerWorker.run(SuiteRunnerWorker.java:96)
at org.testng.TestNG.runSuitesSequentially(TestNG.java:1212)
at org.testng.TestNG.runSuitesLocally(TestNG.java:1134)
at org.testng.TestNG.runSuites(TestNG.java:1063)
at org.testng.TestNG.run(TestNG.java:1031)
at org.testng.remote.AbstractRemoteTestNG.run(AbstractRemoteTestNG.java:115)
at org.testng.remote.RemoteTestNG.initAndRun(RemoteTestNG.java:251)
at org.testng.remote.RemoteTestNG.main(RemoteTestNG.java:77)
]]>
            </full-stacktrace>
          </exception> <!-- java.lang.AssertionError -->
          <reporter-output>
          </reporter-output>
        </test-method> <!-- verifyGoBackToMassengerButton -->
        <test-method is-config="true" signature="logoutFromApplication(org.testng.ITestResult)[pri:0, instance:pack.VerifyRoomPage@29215f06]" started-at="2022-09-29T12:43:51 IST" name="logoutFromApplication" finished-at="2022-09-29T12:43:52 IST" duration-ms="370" status="PASS">
          <params>
            <param index="0">
              <value>
                <![CDATA[[TestResult name=verifyGoBackToMassengerButton status=FAILURE method=VerifyRoomPage.verifyGoBackToMassengerButton()[pri:2, instance:pack.VerifyRoomPage@29215f06] output={null}]]]>
              </value>
            </param>
          </params>
          <reporter-output>
          </reporter-output>
        </test-method> <!-- logoutFromApplication -->
        <test-method is-config="true" signature="clearObjects()[pri:0, instance:pack.VerifyRoomPage@29215f06]" started-at="2022-09-29T12:43:52 IST" name="clearObjects" finished-at="2022-09-29T12:43:52 IST" duration-ms="0" status="PASS">
          <reporter-output>
          </reporter-output>
        </test-method> <!-- clearObjects -->
        <test-method is-config="true" signature="closeBrowser()[pri:0, instance:pack.VerifyRoomPage@29215f06]" started-at="2022-09-29T12:44:34 IST" name="closeBrowser" finished-at="2022-09-29T12:44:37 IST" duration-ms="2502" status="PASS">
          <reporter-output>
          </reporter-output>
        </test-method> <!-- closeBrowser -->
      </class> <!-- pack.VerifyRoomPage -->
      <class name="pack.VerifySubmitAndCancelButton">
        <test-method is-config="true" signature="openBrowser(java.lang.String)[pri:0, instance:pack.VerifySubmitAndCancelButton@72e5a8e]" started-at="2022-09-29T12:43:25 IST" name="openBrowser" finished-at="2022-09-29T12:43:26 IST" duration-ms="1065" status="PASS">
          <params>
            <param index="0">
              <value>
                <![CDATA[Chrome]]>
              </value>
            </param>
          </params>
          <reporter-output>
          </reporter-output>
        </test-method> <!-- openBrowser -->
        <test-method is-config="true" signature="createPOMObjects()[pri:0, instance:pack.VerifySubmitAndCancelButton@72e5a8e]" started-at="2022-09-29T12:43:52 IST" name="createPOMObjects" finished-at="2022-09-29T12:43:52 IST" duration-ms="10" status="PASS">
          <reporter-output>
          </reporter-output>
        </test-method> <!-- createPOMObjects -->
        <test-method is-config="true" signature="openForgottonPassword()[pri:0, instance:pack.VerifySubmitAndCancelButton@72e5a8e]" started-at="2022-09-29T12:43:52 IST" name="openForgottonPassword" finished-at="2022-09-29T12:44:05 IST" duration-ms="13492" status="PASS">
          <reporter-output>
          </reporter-output>
        </test-method> <!-- openForgottonPassword -->
        <test-method signature="verifySerchButton()[pri:1, instance:pack.VerifySubmitAndCancelButton@72e5a8e]" started-at="2022-09-29T12:44:05 IST" name="verifySerchButton" finished-at="2022-09-29T12:44:07 IST" duration-ms="2241" status="PASS">
          <reporter-output>
          </reporter-output>
        </test-method> <!-- verifySerchButton -->
        <test-method is-config="true" signature="logoutFromApplication(org.testng.ITestResult)[pri:0, instance:pack.VerifySubmitAndCancelButton@72e5a8e]" started-at="2022-09-29T12:44:07 IST" name="logoutFromApplication" finished-at="2022-09-29T12:44:07 IST" duration-ms="1" status="PASS">
          <params>
            <param index="0">
              <value>
                <![CDATA[[TestResult name=verifySerchButton status=SUCCESS method=VerifySubmitAndCancelButton.verifySerchButton()[pri:1, instance:pack.VerifySubmitAndCancelButton@72e5a8e] output={null}]]]>
              </value>
            </param>
          </params>
          <reporter-output>
          </reporter-output>
        </test-method> <!-- logoutFromApplication -->
        <test-method is-config="true" signature="openForgottonPassword()[pri:0, instance:pack.VerifySubmitAndCancelButton@72e5a8e]" started-at="2022-09-29T12:44:07 IST" name="openForgottonPassword" finished-at="2022-09-29T12:44:14 IST" duration-ms="6668" status="PASS">
          <reporter-output>
          </reporter-output>
        </test-method> <!-- openForgottonPassword -->
        <test-method signature="verifyCancelButton()[pri:2, instance:pack.VerifySubmitAndCancelButton@72e5a8e]" started-at="2022-09-29T12:44:14 IST" name="verifyCancelButton" finished-at="2022-09-29T12:44:15 IST" duration-ms="839" status="PASS">
          <reporter-output>
          </reporter-output>
        </test-method> <!-- verifyCancelButton -->
        <test-method is-config="true" signature="clearObjects()[pri:0, instance:pack.VerifySubmitAndCancelButton@72e5a8e]" started-at="2022-09-29T12:44:15 IST" name="clearObjects" finished-at="2022-09-29T12:44:15 IST" duration-ms="0" status="PASS">
          <reporter-output>
          </reporter-output>
        </test-method> <!-- clearObjects -->
        <test-method is-config="true" signature="logoutFromApplication(org.testng.ITestResult)[pri:0, instance:pack.VerifySubmitAndCancelButton@72e5a8e]" started-at="2022-09-29T12:44:15 IST" name="logoutFromApplication" finished-at="2022-09-29T12:44:15 IST" duration-ms="0" status="PASS">
          <params>
            <param index="0">
              <value>
                <![CDATA[[TestResult name=verifyCancelButton status=SUCCESS method=VerifySubmitAndCancelButton.verifyCancelButton()[pri:2, instance:pack.VerifySubmitAndCancelButton@72e5a8e] output={null}]]]>
              </value>
            </param>
          </params>
          <reporter-output>
          </reporter-output>
        </test-method> <!-- logoutFromApplication -->
        <test-method is-config="true" signature="closeBrowser()[pri:0, instance:pack.VerifySubmitAndCancelButton@72e5a8e]" started-at="2022-09-29T12:44:37 IST" name="closeBrowser" finished-at="2022-09-29T12:44:37 IST" duration-ms="168" status="PASS">
          <reporter-output>
          </reporter-output>
        </test-method> <!-- closeBrowser -->
      </class> <!-- pack.VerifySubmitAndCancelButton -->
      <class name="pack.VerifyDevelopersTab">
        <test-method is-config="true" signature="openBrowser(java.lang.String)[pri:0, instance:pack.VerifyDevelopersTab@54e1c68b]" started-at="2022-09-29T12:43:22 IST" name="openBrowser" finished-at="2022-09-29T12:43:24 IST" duration-ms="1850" status="PASS">
          <params>
            <param index="0">
              <value>
                <![CDATA[Chrome]]>
              </value>
            </param>
          </params>
          <reporter-output>
          </reporter-output>
        </test-method> <!-- openBrowser -->
        <test-method is-config="true" signature="createPOMObjects()[pri:0, instance:pack.VerifyDevelopersTab@54e1c68b]" started-at="2022-09-29T12:44:15 IST" name="createPOMObjects" finished-at="2022-09-29T12:44:15 IST" duration-ms="1" status="PASS">
          <reporter-output>
          </reporter-output>
        </test-method> <!-- createPOMObjects -->
        <test-method is-config="true" signature="openMassenger()[pri:0, instance:pack.VerifyDevelopersTab@54e1c68b]" started-at="2022-09-29T12:44:15 IST" name="openMassenger" finished-at="2022-09-29T12:44:24 IST" duration-ms="8691" status="PASS">
          <reporter-output>
          </reporter-output>
        </test-method> <!-- openMassenger -->
        <test-method signature="verifyDevelopersTab()[pri:0, instance:pack.VerifyDevelopersTab@54e1c68b]" started-at="2022-09-29T12:44:24 IST" name="verifyDevelopersTab" finished-at="2022-09-29T12:44:34 IST" duration-ms="10305" status="PASS">
          <reporter-output>
          </reporter-output>
        </test-method> <!-- verifyDevelopersTab -->
        <test-method is-config="true" signature="logoutFromApplication(org.testng.ITestResult)[pri:0, instance:pack.VerifyDevelopersTab@54e1c68b]" started-at="2022-09-29T12:44:34 IST" name="logoutFromApplication" finished-at="2022-09-29T12:44:34 IST" duration-ms="1" status="PASS">
          <params>
            <param index="0">
              <value>
                <![CDATA[[TestResult name=verifyDevelopersTab status=SUCCESS method=VerifyDevelopersTab.verifyDevelopersTab()[pri:0, instance:pack.VerifyDevelopersTab@54e1c68b] output={null}]]]>
              </value>
            </param>
          </params>
          <reporter-output>
          </reporter-output>
        </test-method> <!-- logoutFromApplication -->
        <test-method is-config="true" signature="cleareObjects()[pri:0, instance:pack.VerifyDevelopersTab@54e1c68b]" started-at="2022-09-29T12:44:34 IST" name="cleareObjects" finished-at="2022-09-29T12:44:34 IST" duration-ms="1" status="PASS">
          <reporter-output>
          </reporter-output>
        </test-method> <!-- cleareObjects -->
        <test-method is-config="true" signature="closeBrowser()[pri:0, instance:pack.VerifyDevelopersTab@54e1c68b]" started-at="2022-09-29T12:44:34 IST" name="closeBrowser" finished-at="2022-09-29T12:44:34 IST" duration-ms="323" status="PASS">
          <reporter-output>
          </reporter-output>
        </test-method> <!-- closeBrowser -->
      </class> <!-- pack.VerifyDevelopersTab -->
    </test> <!-- ChromeTest -->
    <test started-at="2022-09-29T12:44:37 IST" name="FirefoxTest" finished-at="2022-09-29T12:46:03 IST" duration-ms="85773">
      <class name="pack.VerifyRoomPage">
        <test-method is-config="true" signature="openBrowser(java.lang.String)[pri:0, instance:pack.VerifyRoomPage@2e385cce]" started-at="2022-09-29T12:44:41 IST" name="openBrowser" finished-at="2022-09-29T12:44:46 IST" duration-ms="4713" status="PASS">
          <params>
            <param index="0">
              <value>
                <![CDATA[Firefox]]>
              </value>
            </param>
          </params>
          <reporter-output>
          </reporter-output>
        </test-method> <!-- openBrowser -->
        <test-method is-config="true" signature="createPMObjects()[pri:0, instance:pack.VerifyRoomPage@2e385cce]" started-at="2022-09-29T12:44:51 IST" name="createPMObjects" finished-at="2022-09-29T12:44:51 IST" duration-ms="4" status="PASS">
          <reporter-output>
          </reporter-output>
        </test-method> <!-- createPMObjects -->
        <test-method is-config="true" signature="openRoomsPage()[pri:0, instance:pack.VerifyRoomPage@2e385cce]" started-at="2022-09-29T12:44:51 IST" name="openRoomsPage" finished-at="2022-09-29T12:45:03 IST" duration-ms="12317" status="PASS">
          <reporter-output>
          </reporter-output>
        </test-method> <!-- openRoomsPage -->
        <test-method signature="verifyContactToHelpCentreButton()[pri:1, instance:pack.VerifyRoomPage@2e385cce]" started-at="2022-09-29T12:45:03 IST" name="verifyContactToHelpCentreButton" finished-at="2022-09-29T12:45:05 IST" duration-ms="1883" status="FAIL">
          <exception class="java.lang.AssertionError">
            <message>
              <![CDATA[The following asserts failed:
expected [https://www.messenger.com/hel] but found [https://www.messenger.com/help],
expected [Messenger Hlep Centre] but found [Messenger Help Centre]]]>
            </message>
            <full-stacktrace>
              <![CDATA[java.lang.AssertionError: The following asserts failed:
expected [https://www.messenger.com/hel] but found [https://www.messenger.com/help],
expected [Messenger Hlep Centre] but found [Messenger Help Centre]
at org.testng.asserts.SoftAssert.assertAll(SoftAssert.java:47)
at org.testng.asserts.SoftAssert.assertAll(SoftAssert.java:31)
at pack.VerifyRoomPage.verifyContactToHelpCentreButton(VerifyRoomPage.java:84)
at java.base/jdk.internal.reflect.NativeMethodAccessorImpl.invoke0(Native Method)
at java.base/jdk.internal.reflect.NativeMethodAccessorImpl.invoke(NativeMethodAccessorImpl.java:78)
at java.base/jdk.internal.reflect.DelegatingMethodAccessorImpl.invoke(DelegatingMethodAccessorImpl.java:43)
at java.base/java.lang.reflect.Method.invoke(Method.java:567)
at org.testng.internal.MethodInvocationHelper.invokeMethod(MethodInvocationHelper.java:133)
at org.testng.internal.TestInvoker.invokeMethod(TestInvoker.java:598)
at org.testng.internal.TestInvoker.invokeTestMethod(TestInvoker.java:173)
at org.testng.internal.MethodRunner.runInSequence(MethodRunner.java:46)
at org.testng.internal.TestInvoker$MethodInvocationAgent.invoke(TestInvoker.java:824)
at org.testng.internal.TestInvoker.invokeTestMethods(TestInvoker.java:146)
at org.testng.internal.TestMethodWorker.invokeTestMethods(TestMethodWorker.java:146)
at org.testng.internal.TestMethodWorker.run(TestMethodWorker.java:128)
at java.base/java.util.ArrayList.forEach(ArrayList.java:1511)
at org.testng.TestRunner.privateRun(TestRunner.java:794)
at org.testng.TestRunner.run(TestRunner.java:596)
at org.testng.SuiteRunner.runTest(SuiteRunner.java:377)
at org.testng.SuiteRunner.runSequentially(SuiteRunner.java:371)
at org.testng.SuiteRunner.privateRun(SuiteRunner.java:332)
at org.testng.SuiteRunner.run(SuiteRunner.java:276)
at org.testng.SuiteRunnerWorker.runSuite(SuiteRunnerWorker.java:53)
at org.testng.SuiteRunnerWorker.run(SuiteRunnerWorker.java:96)
at org.testng.TestNG.runSuitesSequentially(TestNG.java:1212)
at org.testng.TestNG.runSuitesLocally(TestNG.java:1134)
at org.testng.TestNG.runSuites(TestNG.java:1063)
at org.testng.TestNG.run(TestNG.java:1031)
at org.testng.remote.AbstractRemoteTestNG.run(AbstractRemoteTestNG.java:115)
at org.testng.remote.RemoteTestNG.initAndRun(RemoteTestNG.java:251)
at org.testng.remote.RemoteTestNG.main(RemoteTestNG.java:77)
]]>
            </full-stacktrace>
          </exception> <!-- java.lang.AssertionError -->
          <reporter-output>
          </reporter-output>
        </test-method> <!-- verifyContactToHelpCentreButton -->
        <test-method is-config="true" signature="logoutFromApplication(org.testng.ITestResult)[pri:0, instance:pack.VerifyRoomPage@2e385cce]" started-at="2022-09-29T12:45:05 IST" name="logoutFromApplication" finished-at="2022-09-29T12:45:05 IST" duration-ms="124" status="PASS">
          <params>
            <param index="0">
              <value>
                <![CDATA[[TestResult name=verifyContactToHelpCentreButton status=FAILURE method=VerifyRoomPage.verifyContactToHelpCentreButton()[pri:1, instance:pack.VerifyRoomPage@2e385cce] output={null}]]]>
              </value>
            </param>
          </params>
          <reporter-output>
          </reporter-output>
        </test-method> <!-- logoutFromApplication -->
        <test-method is-config="true" signature="openRoomsPage()[pri:0, instance:pack.VerifyRoomPage@2e385cce]" started-at="2022-09-29T12:45:05 IST" name="openRoomsPage" finished-at="2022-09-29T12:45:19 IST" duration-ms="13842" status="PASS">
          <reporter-output>
          </reporter-output>
        </test-method> <!-- openRoomsPage -->
        <test-method signature="verifyGoBackToMassengerButton()[pri:2, instance:pack.VerifyRoomPage@2e385cce]" started-at="2022-09-29T12:45:19 IST" name="verifyGoBackToMassengerButton" finished-at="2022-09-29T12:45:24 IST" duration-ms="5577" status="FAIL">
          <exception class="java.lang.AssertionError">
            <message>
              <![CDATA[The following asserts failed:
expected [https://www.messenger.com/] but found [https://www.messenger.com/rooms],
expected [Messenge] but found [Messenger | Page Not Found]]]>
            </message>
            <full-stacktrace>
              <![CDATA[java.lang.AssertionError: The following asserts failed:
expected [https://www.messenger.com/] but found [https://www.messenger.com/rooms],
expected [Messenge] but found [Messenger | Page Not Found]
at org.testng.asserts.SoftAssert.assertAll(SoftAssert.java:47)
at org.testng.asserts.SoftAssert.assertAll(SoftAssert.java:31)
at pack.VerifyRoomPage.verifyGoBackToMassengerButton(VerifyRoomPage.java:98)
at java.base/jdk.internal.reflect.NativeMethodAccessorImpl.invoke0(Native Method)
at java.base/jdk.internal.reflect.NativeMethodAccessorImpl.invoke(NativeMethodAccessorImpl.java:78)
at java.base/jdk.internal.reflect.DelegatingMethodAccessorImpl.invoke(DelegatingMethodAccessorImpl.java:43)
at java.base/java.lang.reflect.Method.invoke(Method.java:567)
at org.testng.internal.MethodInvocationHelper.invokeMethod(MethodInvocationHelper.java:133)
at org.testng.internal.TestInvoker.invokeMethod(TestInvoker.java:598)
at org.testng.internal.TestInvoker.invokeTestMethod(TestInvoker.java:173)
at org.testng.internal.MethodRunner.runInSequence(MethodRunner.java:46)
at org.testng.internal.TestInvoker$MethodInvocationAgent.invoke(TestInvoker.java:824)
at org.testng.internal.TestInvoker.invokeTestMethods(TestInvoker.java:146)
at org.testng.internal.TestMethodWorker.invokeTestMethods(TestMethodWorker.java:146)
at org.testng.internal.TestMethodWorker.run(TestMethodWorker.java:128)
at java.base/java.util.ArrayList.forEach(ArrayList.java:1511)
at org.testng.TestRunner.privateRun(TestRunner.java:794)
at org.testng.TestRunner.run(TestRunner.java:596)
at org.testng.SuiteRunner.runTest(SuiteRunner.java:377)
at org.testng.SuiteRunner.runSequentially(SuiteRunner.java:371)
at org.testng.SuiteRunner.privateRun(SuiteRunner.java:332)
at org.testng.SuiteRunner.run(SuiteRunner.java:276)
at org.testng.SuiteRunnerWorker.runSuite(SuiteRunnerWorker.java:53)
at org.testng.SuiteRunnerWorker.run(SuiteRunnerWorker.java:96)
at org.testng.TestNG.runSuitesSequentially(TestNG.java:1212)
at org.testng.TestNG.runSuitesLocally(TestNG.java:1134)
at org.testng.TestNG.runSuites(TestNG.java:1063)
at org.testng.TestNG.run(TestNG.java:1031)
at org.testng.remote.AbstractRemoteTestNG.run(AbstractRemoteTestNG.java:115)
at org.testng.remote.RemoteTestNG.initAndRun(RemoteTestNG.java:251)
at org.testng.remote.RemoteTestNG.main(RemoteTestNG.java:77)
]]>
            </full-stacktrace>
          </exception> <!-- java.lang.AssertionError -->
          <reporter-output>
          </reporter-output>
        </test-method> <!-- verifyGoBackToMassengerButton -->
        <test-method is-config="true" signature="logoutFromApplication(org.testng.ITestResult)[pri:0, instance:pack.VerifyRoomPage@2e385cce]" started-at="2022-09-29T12:45:24 IST" name="logoutFromApplication" finished-at="2022-09-29T12:45:25 IST" duration-ms="160" status="PASS">
          <params>
            <param index="0">
              <value>
                <![CDATA[[TestResult name=verifyGoBackToMassengerButton status=FAILURE method=VerifyRoomPage.verifyGoBackToMassengerButton()[pri:2, instance:pack.VerifyRoomPage@2e385cce] output={null}]]]>
              </value>
            </param>
          </params>
          <reporter-output>
          </reporter-output>
        </test-method> <!-- logoutFromApplication -->
        <test-method is-config="true" signature="clearObjects()[pri:0, instance:pack.VerifyRoomPage@2e385cce]" started-at="2022-09-29T12:45:25 IST" name="clearObjects" finished-at="2022-09-29T12:45:25 IST" duration-ms="0" status="PASS">
          <reporter-output>
          </reporter-output>
        </test-method> <!-- clearObjects -->
        <test-method is-config="true" signature="closeBrowser()[pri:0, instance:pack.VerifyRoomPage@2e385cce]" started-at="2022-09-29T12:45:59 IST" name="closeBrowser" finished-at="2022-09-29T12:46:01 IST" duration-ms="2224" status="PASS">
          <reporter-output>
          </reporter-output>
        </test-method> <!-- closeBrowser -->
      </class> <!-- pack.VerifyRoomPage -->
      <class name="pack.VerifySubmitAndCancelButton">
        <test-method is-config="true" signature="openBrowser(java.lang.String)[pri:0, instance:pack.VerifySubmitAndCancelButton@2a7f1f10]" started-at="2022-09-29T12:44:46 IST" name="openBrowser" finished-at="2022-09-29T12:44:51 IST" duration-ms="4620" status="PASS">
          <params>
            <param index="0">
              <value>
                <![CDATA[Firefox]]>
              </value>
            </param>
          </params>
          <reporter-output>
          </reporter-output>
        </test-method> <!-- openBrowser -->
        <test-method is-config="true" signature="createPOMObjects()[pri:0, instance:pack.VerifySubmitAndCancelButton@2a7f1f10]" started-at="2022-09-29T12:45:25 IST" name="createPOMObjects" finished-at="2022-09-29T12:45:25 IST" duration-ms="1" status="PASS">
          <reporter-output>
          </reporter-output>
        </test-method> <!-- createPOMObjects -->
        <test-method is-config="true" signature="openForgottonPassword()[pri:0, instance:pack.VerifySubmitAndCancelButton@2a7f1f10]" started-at="2022-09-29T12:45:25 IST" name="openForgottonPassword" finished-at="2022-09-29T12:45:32 IST" duration-ms="7670" status="PASS">
          <reporter-output>
          </reporter-output>
        </test-method> <!-- openForgottonPassword -->
        <test-method signature="verifySerchButton()[pri:1, instance:pack.VerifySubmitAndCancelButton@2a7f1f10]" started-at="2022-09-29T12:45:32 IST" name="verifySerchButton" finished-at="2022-09-29T12:45:35 IST" duration-ms="2439" status="PASS">
          <reporter-output>
          </reporter-output>
        </test-method> <!-- verifySerchButton -->
        <test-method is-config="true" signature="logoutFromApplication(org.testng.ITestResult)[pri:0, instance:pack.VerifySubmitAndCancelButton@2a7f1f10]" started-at="2022-09-29T12:45:35 IST" name="logoutFromApplication" finished-at="2022-09-29T12:45:35 IST" duration-ms="2" status="PASS">
          <params>
            <param index="0">
              <value>
                <![CDATA[[TestResult name=verifySerchButton status=SUCCESS method=VerifySubmitAndCancelButton.verifySerchButton()[pri:1, instance:pack.VerifySubmitAndCancelButton@2a7f1f10] output={null}]]]>
              </value>
            </param>
          </params>
          <reporter-output>
          </reporter-output>
        </test-method> <!-- logoutFromApplication -->
        <test-method is-config="true" signature="openForgottonPassword()[pri:0, instance:pack.VerifySubmitAndCancelButton@2a7f1f10]" started-at="2022-09-29T12:45:35 IST" name="openForgottonPassword" finished-at="2022-09-29T12:45:40 IST" duration-ms="5741" status="PASS">
          <reporter-output>
          </reporter-output>
        </test-method> <!-- openForgottonPassword -->
        <test-method signature="verifyCancelButton()[pri:2, instance:pack.VerifySubmitAndCancelButton@2a7f1f10]" started-at="2022-09-29T12:45:40 IST" name="verifyCancelButton" finished-at="2022-09-29T12:45:41 IST" duration-ms="926" status="PASS">
          <reporter-output>
          </reporter-output>
        </test-method> <!-- verifyCancelButton -->
        <test-method is-config="true" signature="logoutFromApplication(org.testng.ITestResult)[pri:0, instance:pack.VerifySubmitAndCancelButton@2a7f1f10]" started-at="2022-09-29T12:45:41 IST" name="logoutFromApplication" finished-at="2022-09-29T12:45:41 IST" duration-ms="1" status="PASS">
          <params>
            <param index="0">
              <value>
                <![CDATA[[TestResult name=verifyCancelButton status=SUCCESS method=VerifySubmitAndCancelButton.verifyCancelButton()[pri:2, instance:pack.VerifySubmitAndCancelButton@2a7f1f10] output={null}]]]>
              </value>
            </param>
          </params>
          <reporter-output>
          </reporter-output>
        </test-method> <!-- logoutFromApplication -->
        <test-method is-config="true" signature="clearObjects()[pri:0, instance:pack.VerifySubmitAndCancelButton@2a7f1f10]" started-at="2022-09-29T12:45:41 IST" name="clearObjects" finished-at="2022-09-29T12:45:41 IST" duration-ms="0" status="PASS">
          <reporter-output>
          </reporter-output>
        </test-method> <!-- clearObjects -->
        <test-method is-config="true" signature="closeBrowser()[pri:0, instance:pack.VerifySubmitAndCancelButton@2a7f1f10]" started-at="2022-09-29T12:46:01 IST" name="closeBrowser" finished-at="2022-09-29T12:46:03 IST" duration-ms="2064" status="PASS">
          <reporter-output>
          </reporter-output>
        </test-method> <!-- closeBrowser -->
      </class> <!-- pack.VerifySubmitAndCancelButton -->
      <class name="pack.VerifyDevelopersTab">
        <test-method is-config="true" signature="openBrowser(java.lang.String)[pri:0, instance:pack.VerifyDevelopersTab@46cdf8bd]" started-at="2022-09-29T12:44:37 IST" name="openBrowser" finished-at="2022-09-29T12:44:41 IST" duration-ms="4230" status="PASS">
          <params>
            <param index="0">
              <value>
                <![CDATA[Firefox]]>
              </value>
            </param>
          </params>
          <reporter-output>
          </reporter-output>
        </test-method> <!-- openBrowser -->
        <test-method is-config="true" signature="createPOMObjects()[pri:0, instance:pack.VerifyDevelopersTab@46cdf8bd]" started-at="2022-09-29T12:45:41 IST" name="createPOMObjects" finished-at="2022-09-29T12:45:41 IST" duration-ms="0" status="PASS">
          <reporter-output>
          </reporter-output>
        </test-method> <!-- createPOMObjects -->
        <test-method is-config="true" signature="openMassenger()[pri:0, instance:pack.VerifyDevelopersTab@46cdf8bd]" started-at="2022-09-29T12:45:41 IST" name="openMassenger" finished-at="2022-09-29T12:45:51 IST" duration-ms="9372" status="PASS">
          <reporter-output>
          </reporter-output>
        </test-method> <!-- openMassenger -->
        <test-method signature="verifyDevelopersTab()[pri:0, instance:pack.VerifyDevelopersTab@46cdf8bd]" started-at="2022-09-29T12:45:51 IST" name="verifyDevelopersTab" finished-at="2022-09-29T12:45:56 IST" duration-ms="5673" status="PASS">
          <reporter-output>
          </reporter-output>
        </test-method> <!-- verifyDevelopersTab -->
        <test-method is-config="true" signature="logoutFromApplication(org.testng.ITestResult)[pri:0, instance:pack.VerifyDevelopersTab@46cdf8bd]" started-at="2022-09-29T12:45:56 IST" name="logoutFromApplication" finished-at="2022-09-29T12:45:56 IST" duration-ms="0" status="PASS">
          <params>
            <param index="0">
              <value>
                <![CDATA[[TestResult name=verifyDevelopersTab status=SUCCESS method=VerifyDevelopersTab.verifyDevelopersTab()[pri:0, instance:pack.VerifyDevelopersTab@46cdf8bd] output={null}]]]>
              </value>
            </param>
          </params>
          <reporter-output>
          </reporter-output>
        </test-method> <!-- logoutFromApplication -->
        <test-method is-config="true" signature="closeBrowser()[pri:0, instance:pack.VerifyDevelopersTab@46cdf8bd]" started-at="2022-09-29T12:45:56 IST" name="closeBrowser" finished-at="2022-09-29T12:45:59 IST" duration-ms="2165" status="PASS">
          <reporter-output>
          </reporter-output>
        </test-method> <!-- closeBrowser -->
        <test-method is-config="true" signature="cleareObjects()[pri:0, instance:pack.VerifyDevelopersTab@46cdf8bd]" started-at="2022-09-29T12:45:56 IST" name="cleareObjects" finished-at="2022-09-29T12:45:56 IST" duration-ms="0" status="PASS">
          <reporter-output>
          </reporter-output>
        </test-method> <!-- cleareObjects -->
      </class> <!-- pack.VerifyDevelopersTab -->
    </test> <!-- FirefoxTest -->
  </suite> <!-- Suite -->
</testng-results>
