<?xml version="1.0" encoding="UTF-8"?>
<!-- Generated by org.testng.reporters.JUnitXMLReporter -->
<testsuite ignored="0" hostname="MSI" failures="1" tests="5" name="ChromeTest" time="92.936" errors="0" timestamp="2022-09-30T09:52:42 IST">
  <testcase classname="pack.VerifyRoomPage" name="verifyContactToHelpCentreButton" time="1.913">
    <failure type="java.lang.AssertionError" message="The following asserts failed:
	expected [Messenger Hlep Centre] but found [Messenger Help Centre]">
      <![CDATA[java.lang.AssertionError: The following asserts failed:
expected [Messenger Hlep Centre] but found [Messenger Help Centre]
at pack.VerifyRoomPage.verifyContactToHelpCentreButton(VerifyRoomPage.java:84)
at java.base/java.util.ArrayList.forEach(ArrayList.java:1511)
... Removed 29 stack frames]]>
    </failure>
  </testcase> <!-- verifyContactToHelpCentreButton -->
  <testcase classname="pack.VerifyRoomPage" name="verifyGoBackToMassengerButton" time="5.55"/>
  <testcase classname="pack.VerifySubmitAndCancelButton" name="verifySerchButton" time="2.521"/>
  <testcase classname="pack.VerifySubmitAndCancelButton" name="verifyCancelButton" time="2.547"/>
  <testcase classname="pack.VerifyDevelopersTab" name="verifyDevelopersTab" time="13.93"/>
</testsuite> <!-- ChromeTest -->
