<?xml version="1.0" encoding="UTF-8"?>
<!-- Generated by org.testng.reporters.JUnitXMLReporter -->
<testsuite ignored="0" hostname="MSI" failures="2" tests="5" name="ChromeTest" time="75.014" errors="0" timestamp="2022-09-29T12:44:37 IST">
  <testcase classname="pack.VerifyRoomPage" name="verifyContactToHelpCentreButton" time="1.702">
    <failure type="java.lang.AssertionError" message="The following asserts failed:
	expected [https://www.messenger.com/hel] but found [https://www.messenger.com/help],
	expected [Messenger Hlep Centre] but found [Messenger Help Centre]">
      <![CDATA[java.lang.AssertionError: The following asserts failed:
expected [https://www.messenger.com/hel] but found [https://www.messenger.com/help],
expected [Messenger Hlep Centre] but found [Messenger Help Centre]
at pack.VerifyRoomPage.verifyContactToHelpCentreButton(VerifyRoomPage.java:84)
at java.base/java.util.ArrayList.forEach(ArrayList.java:1511)
... Removed 29 stack frames]]>
    </failure>
  </testcase> <!-- verifyContactToHelpCentreButton -->
  <testcase classname="pack.VerifyRoomPage" name="verifyGoBackToMassengerButton" time="6.22">
    <failure type="java.lang.AssertionError" message="The following asserts failed:
	expected [Messenge] but found [Messenger]">
      <![CDATA[java.lang.AssertionError: The following asserts failed:
expected [Messenge] but found [Messenger]
at pack.VerifyRoomPage.verifyGoBackToMassengerButton(VerifyRoomPage.java:98)
at java.base/java.util.ArrayList.forEach(ArrayList.java:1511)
... Removed 29 stack frames]]>
    </failure>
  </testcase> <!-- verifyGoBackToMassengerButton -->
  <testcase classname="pack.VerifySubmitAndCancelButton" name="verifySerchButton" time="2.241"/>
  <testcase classname="pack.VerifySubmitAndCancelButton" name="verifyCancelButton" time="0.839"/>
  <testcase classname="pack.VerifyDevelopersTab" name="verifyDevelopersTab" time="10.305"/>
</testsuite> <!-- ChromeTest -->
