<?xml version="1.0" encoding="UTF-8"?>
<!-- Generated by org.testng.reporters.JUnitXMLReporter -->
<testsuite ignored="0" hostname="MSI" failures="0" tests="5" name="Test" time="64.629" errors="0" timestamp="2022-09-21T13:13:49 IST">
  <testcase classname="pack.VerifyRoomPage" name="verifyContactToHelpCentreButton" time="1.866"/>
  <testcase classname="pack.VerifyRoomPage" name="verifyGoBackToMassengerButton" time="5.229"/>
  <testcase classname="pack.VerifySubmitAndCancelButton" name="verifySerchButton" time="2.116"/>
  <testcase classname="pack.VerifySubmitAndCancelButton" name="verifyCancelButton" time="0.93"/>
  <testcase classname="pack.VerifyDevelopersTab" name="verifyDevelopersTab" time="4.105"/>
</testsuite> <!-- Test -->
